<?xml version="1.0" encoding="UTF-8"?>
<!-- Generated by org.testng.reporters.JUnitReportReporter -->
<testsuite skipped="0" hostname="WSAMZN-Q4PM99O7" name="Test.day7" tests="3" failures="0" timestamp="2022-01-14T01:01:46 IST" time="0.021" errors="0">
  <testcase name="smokeTestFromDay1" time="0.007" classname="Test.day7"/>
  <system-out/>
  <testcase name="SecondTest" time="0.003" classname="Test.day7"/>
  <system-out/>
  <testcase name="Demo" time="0.011" classname="Test.day7"/>
  <system-out/>
</testsuite> <!-- Test.day7 -->
