<?xml version="1.0" encoding="UTF-8"?>
<!-- Generated by org.testng.reporters.JUnitReportReporter -->
<testsuite skipped="0" hostname="WSAMZN-Q4PM99O7" name="TestNgAnnotatin" tests="1" failures="0" timestamp="2021-11-25T15:22:12 IST" time="0.013" errors="0">
  <testcase name="greeting" time="0.013" classname="TestNgAnnotatin"/>
  <system-out/>
</testsuite> <!-- TestNgAnnotatin -->
