<?xml version="1.0" encoding="UTF-8"?>
<!-- Generated by org.testng.reporters.JUnitReportReporter -->
<testsuite hostname="WSAMZN-Q4PM99O7" name="ReadExcelData.ExcelDriven" tests="1" failures="0" timestamp="2 Dec 2021 13:32:20 GMT" time="6.813" errors="0">
  <testcase name="addBook" time="6.813" classname="ReadExcelData.ExcelDriven"/>
</testsuite> <!-- ReadExcelData.ExcelDriven -->
