<?xml version="1.0" encoding="UTF-8"?>
<!-- Generated by org.testng.reporters.JUnitReportReporter -->
<testsuite skipped="0" hostname="WSAMZN-Q4PM99O7" name="DynamicPayload.DynamicPayloadClass" tests="3" failures="0" timestamp="2021-11-05T14:10:19 IST" time="4.217" errors="0">
  <testcase name="addBook" time="3.072" classname="DynamicPayload.DynamicPayloadClass"/>
  <system-out/>
  <testcase name="addBook" time="0.567" classname="DynamicPayload.DynamicPayloadClass"/>
  <system-out/>
  <testcase name="addBook" time="0.578" classname="DynamicPayload.DynamicPayloadClass"/>
  <system-out/>
</testsuite> <!-- DynamicPayload.DynamicPayloadClass -->
