<?xml version="1.0" encoding="UTF-8"?>
<!-- Generated by org.testng.reporters.JUnitReportReporter -->
<testsuite skipped="0" hostname="WSAMZN-Q4PM99O7" name="Package_Name.Maven_Project.SeleniumTest" tests="2" failures="0" timestamp="2021-11-30T17:22:42 IST" time="0.001" errors="0">
  <testcase name="testProfile" time="0.000" classname="Package_Name.Maven_Project.SeleniumTest"/>
  <system-out/>
  <testcase name="Demo" time="0.001" classname="Package_Name.Maven_Project.SeleniumTest"/>
  <system-out/>
</testsuite> <!-- Package_Name.Maven_Project.SeleniumTest -->
