<?xml version="1.0" encoding="UTF-8"?>
<!-- Generated by org.testng.reporters.JUnitReportReporter -->
<testsuite skipped="0" hostname="WSAMZN-Q4PM99O7" name="TestCases.LOginApplication" tests="1" failures="0" timestamp="2021-11-20T18:45:40 IST" time="32.139" errors="0">
  <testcase name="Login" time="32.139" classname="TestCases.LOginApplication"/>
  <system-out/>
</testsuite> <!-- TestCases.LOginApplication -->
