<?xml version="1.0" encoding="UTF-8"?>
<!-- Generated by org.testng.reporters.JUnitReportReporter -->
<testsuite skipped="0" hostname="WSAMZN-Q4PM99O7" name="ExcelReaderClasses.DataDriver" tests="1" failures="0" timestamp="2021-12-02T13:05:22 IST" time="1.193" errors="0">
  <testcase name="dataDriver" time="1.193" classname="ExcelReaderClasses.DataDriver"/>
  <system-out/>
</testsuite> <!-- ExcelReaderClasses.DataDriver -->
