<?xml version="1.0" encoding="UTF-8"?>
<!-- Generated by org.testng.reporters.JUnitReportReporter -->
<testsuite skipped="0" hostname="WSAMZN-Q4PM99O7" name="Extent_Reports.ExtentReports.pages.StandaloneExtentReport" tests="4" failures="0" timestamp="2021-11-30T19:50:22 IST" time="6.498" errors="0">
  <testcase name="testCase4" time="0.002" classname="Extent_Reports.ExtentReports.pages.StandaloneExtentReport"/>
  <system-out/>
  <testcase name="testCase3" time="0.003" classname="Extent_Reports.ExtentReports.pages.StandaloneExtentReport"/>
  <system-out/>
  <testcase name="initialTest" time="6.489" classname="Extent_Reports.ExtentReports.pages.StandaloneExtentReport"/>
  <system-out/>
  <testcase name="testCase2" time="0.004" classname="Extent_Reports.ExtentReports.pages.StandaloneExtentReport"/>
  <system-out/>
</testsuite> <!-- Extent_Reports.ExtentReports.pages.StandaloneExtentReport -->
